CRITICAL - 2025-07-04 02:15:10 --> ErrorException: Undefined array key "id"
[Method: GET, Route: clientes]
in APPPATH\Views\clientes\index.php on line 42.
 1 APPPATH\Views\clientes\index.php(42): CodeIgniter\Debug\Exceptions->errorHandler(2, 'Undefined array key "id"', 'C:\\xampp\\htdocs\\ci4-modulo2\\app\\Views\\clientes\\index.php', 42)
 2 SYSTEMPATH\View\View.php(224): include('C:\\xampp\\htdocs\\ci4-modulo2\\app\\Views\\clientes\\index.php')
 3 SYSTEMPATH\View\View.php(227): CodeIgniter\View\View->CodeIgniter\View\{closure}()
 4 SYSTEMPATH\Common.php(1173): CodeIgniter\View\View->render('clientes/index', [], true)
 5 APPPATH\Controllers\Clientes.php(23): view('clientes/index', [...])
 6 SYSTEMPATH\CodeIgniter.php(933): App\Controllers\Clientes->index()
 7 SYSTEMPATH\CodeIgniter.php(507): CodeIgniter\CodeIgniter->runController(Object(App\Controllers\Clientes))
 8 SYSTEMPATH\CodeIgniter.php(354): CodeIgniter\CodeIgniter->handleRequest(null, Object(Config\Cache), false)
 9 SYSTEMPATH\Boot.php(334): CodeIgniter\CodeIgniter->run()
10 SYSTEMPATH\Boot.php(67): CodeIgniter\Boot::runCodeIgniter(Object(CodeIgniter\CodeIgniter))
11 FCPATH\index.php(59): CodeIgniter\Boot::bootWeb(Object(Config\Paths))
12 SYSTEMPATH\rewrite.php(44): require_once('C:\\xampp\\htdocs\\ci4-modulo2\\public\\index.php')
CRITICAL - 2025-07-04 02:15:10 --> ErrorException: Undefined array key "id"
[Method: GET, Route: clientes]
in APPPATH\Views\clientes\index.php on line 42.
 1 APPPATH\Views\clientes\index.php(42): CodeIgniter\Debug\Exceptions->errorHandler(2, 'Undefined array key "id"', 'C:\\xampp\\htdocs\\ci4-modulo2\\app\\Views\\clientes\\index.php', 42)
 2 SYSTEMPATH\View\View.php(224): include('C:\\xampp\\htdocs\\ci4-modulo2\\app\\Views\\clientes\\index.php')
 3 SYSTEMPATH\View\View.php(227): CodeIgniter\View\View->CodeIgniter\View\{closure}()
 4 SYSTEMPATH\Common.php(1173): CodeIgniter\View\View->render('clientes/index', [], true)
 5 APPPATH\Controllers\Clientes.php(23): view('clientes/index', [...])
 6 SYSTEMPATH\CodeIgniter.php(933): App\Controllers\Clientes->index()
 7 SYSTEMPATH\CodeIgniter.php(507): CodeIgniter\CodeIgniter->runController(Object(App\Controllers\Clientes))
 8 SYSTEMPATH\CodeIgniter.php(354): CodeIgniter\CodeIgniter->handleRequest(null, Object(Config\Cache), false)
 9 SYSTEMPATH\Boot.php(334): CodeIgniter\CodeIgniter->run()
10 SYSTEMPATH\Boot.php(67): CodeIgniter\Boot::runCodeIgniter(Object(CodeIgniter\CodeIgniter))
11 FCPATH\index.php(59): CodeIgniter\Boot::bootWeb(Object(Config\Paths))
12 SYSTEMPATH\rewrite.php(44): require_once('C:\\xampp\\htdocs\\ci4-modulo2\\public\\index.php')
CRITICAL - 2025-07-04 02:15:33 --> ErrorException: Undefined array key "data_nascimento"
[Method: GET, Route: clientes]
in APPPATH\Views\clientes\index.php on line 44.
 1 APPPATH\Views\clientes\index.php(44): CodeIgniter\Debug\Exceptions->errorHandler(2, 'Undefined array key "data_nascimento"', 'C:\\xampp\\htdocs\\ci4-modulo2\\app\\Views\\clientes\\index.php', 44)
 2 SYSTEMPATH\View\View.php(224): include('C:\\xampp\\htdocs\\ci4-modulo2\\app\\Views\\clientes\\index.php')
 3 SYSTEMPATH\View\View.php(227): CodeIgniter\View\View->CodeIgniter\View\{closure}()
 4 SYSTEMPATH\Common.php(1173): CodeIgniter\View\View->render('clientes/index', [], true)
 5 APPPATH\Controllers\Clientes.php(23): view('clientes/index', [...])
 6 SYSTEMPATH\CodeIgniter.php(933): App\Controllers\Clientes->index()
 7 SYSTEMPATH\CodeIgniter.php(507): CodeIgniter\CodeIgniter->runController(Object(App\Controllers\Clientes))
 8 SYSTEMPATH\CodeIgniter.php(354): CodeIgniter\CodeIgniter->handleRequest(null, Object(Config\Cache), false)
 9 SYSTEMPATH\Boot.php(334): CodeIgniter\CodeIgniter->run()
10 SYSTEMPATH\Boot.php(67): CodeIgniter\Boot::runCodeIgniter(Object(CodeIgniter\CodeIgniter))
11 FCPATH\index.php(59): CodeIgniter\Boot::bootWeb(Object(Config\Paths))
12 SYSTEMPATH\rewrite.php(44): require_once('C:\\xampp\\htdocs\\ci4-modulo2\\public\\index.php')
CRITICAL - 2025-07-04 02:15:33 --> ErrorException: Undefined array key "data_nascimento"
[Method: GET, Route: clientes]
in APPPATH\Views\clientes\index.php on line 44.
 1 APPPATH\Views\clientes\index.php(44): CodeIgniter\Debug\Exceptions->errorHandler(2, 'Undefined array key "data_nascimento"', 'C:\\xampp\\htdocs\\ci4-modulo2\\app\\Views\\clientes\\index.php', 44)
 2 SYSTEMPATH\View\View.php(224): include('C:\\xampp\\htdocs\\ci4-modulo2\\app\\Views\\clientes\\index.php')
 3 SYSTEMPATH\View\View.php(227): CodeIgniter\View\View->CodeIgniter\View\{closure}()
 4 SYSTEMPATH\Common.php(1173): CodeIgniter\View\View->render('clientes/index', [], true)
 5 APPPATH\Controllers\Clientes.php(23): view('clientes/index', [...])
 6 SYSTEMPATH\CodeIgniter.php(933): App\Controllers\Clientes->index()
 7 SYSTEMPATH\CodeIgniter.php(507): CodeIgniter\CodeIgniter->runController(Object(App\Controllers\Clientes))
 8 SYSTEMPATH\CodeIgniter.php(354): CodeIgniter\CodeIgniter->handleRequest(null, Object(Config\Cache), false)
 9 SYSTEMPATH\Boot.php(334): CodeIgniter\CodeIgniter->run()
10 SYSTEMPATH\Boot.php(67): CodeIgniter\Boot::runCodeIgniter(Object(CodeIgniter\CodeIgniter))
11 FCPATH\index.php(59): CodeIgniter\Boot::bootWeb(Object(Config\Paths))
12 SYSTEMPATH\rewrite.php(44): require_once('C:\\xampp\\htdocs\\ci4-modulo2\\public\\index.php')
